#
# There is insufficient memory for the Java Runtime Environment to continue.
# Native memory allocation (malloc) failed to allocate 131088 bytes. Error detail: Chunk::new
# Possible reasons:
#   The system is out of physical RAM or swap space
#   This process is running with CompressedOops enabled, and the Java Heap may be blocking the growth of the native heap
# Possible solutions:
#   Reduce memory load on the system
#   Increase physical memory or swap space
#   Check if swap backing store is full
#   Decrease Java heap size (-Xmx/-Xms)
#   Decrease number of Java threads
#   Decrease Java thread stack sizes (-Xss)
#   Set larger code cache with -XX:ReservedCodeCacheSize=
#   JVM is running with Zero Based Compressed Oops mode in which the Java heap is
#     placed in the first 32GB address space. The Java Heap base address is the
#     maximum limit for the native heap growth. Please use -XX:HeapBaseMinAddress
#     to set the Java Heap base and to place the Java Heap above 32GB virtual address.
# This output file may be truncated or incomplete.
#
#  Out of Memory Error (arena.cpp:162), pid=34812, tid=25648
#
# JRE version: OpenJDK Runtime Environment Zulu24.28+83-CA (24.0+36) (build 24+36)
# Java VM: OpenJDK 64-Bit Server VM Zulu24.28+83-CA (24+36, mixed mode, tiered, compressed oops, compressed class ptrs, g1 gc, windows-amd64)
# No core dump will be written. Minidumps are not enabled by default on client versions of Windows
#

---------------  S U M M A R Y ------------

Command Line: --enable-native-access=ALL-UNNAMED --add-opens=java.base/java.lang=ALL-UNNAMED -Xverify:none -Djava.util.logging.config.file=c:\\users\\dell\\_bazel_dell\\sc4hvysc\\javalog.properties -Dcom.google.devtools.build.lib.util.LogHandlerQuerier.class=com.google.devtools.build.lib.util.SimpleLogHandler$HandlerQuerier -XX:-MaxFDLimit -Djava.lang.Thread.allowVirtualThreads=true -Djava.library.path=C:\\Users\\DELL\\_bazel_DELL\\install\\6dde77cbd375a611e41419bb2e6a538d;C:\\Users\\DELL\\_bazel_DELL\\install\\6dde77cbd375a611e41419bb2e6a538d\\embedded_tools\\jdk\\bin;C:\\Users\\DELL\\_bazel_DELL\\install\\6dde77cbd375a611e41419bb2e6a538d\\embedded_tools\\jdk\\bin\\server -Dfile.encoding=ISO-8859-1 -Duser.country= -Duser.language= -Duser.variant= -Djdk.nio.file.WatchService.maxEventsPerPoll=10000 -Dsun.misc.unsafe.memory.access=allow -XX:+IgnoreUnrecognizedVMOptions -XX:+UseAllWindowsProcessorGroups -Dbazel.windows_unix_root=C:/msys64/usr/bin/bash.exe C:\\Users\\DELL\\_bazel_DELL\\install\\6dde77cbd375a611e41419bb2e6a538d\\A-server.jar --max_idle_secs=10800 --noshutdown_on_low_sys_mem --connect_timeout_secs=30 --output_user_root=C:\Users\DELL\_bazel_DELL --install_base=C:\Users\DELL\_bazel_DELL\install\6dde77cbd375a611e41419bb2e6a538d --install_md5=6dde77cbd375a611e41419bb2e6a538d --lock_install_base --output_base=c:\users\dell\_bazel_dell\sc4hvysc --workspace_directory=d:\bazel\external\rules_java --default_system_javabase=C:/Users/DELL/AppData/Local/Programs/Eclipse Adoptium/jdk-17.0.8.7-hotspot --failure_detail_out=C:\Users\DELL\_bazel_DELL\sc4hvysc\failure_detail.rawproto --idle_server_tasks --write_command_log --nowatchfs --nofatal_event_bus_exceptions --nowindows_enable_symlinks --client_debug=false --host_jvm_args=-Dbazel.windows_unix_root=C:/msys64/usr/bin/bash.exe --product_name=Bazel --option_sources=

Host: 12th Gen Intel(R) Core(TM) i5-1240P, 16 cores, 15G,  Windows 11 , 64 bit Build 26100 (10.0.26100.4768)
Time: Wed Aug  6 14:34:57 2025 India Standard Time elapsed time: 4.740624 seconds (0d 0h 0m 4s)

---------------  T H R E A D  ---------------

Current thread (0x000001b0dc623260):  JavaThread "C2 CompilerThread0" daemon [_thread_in_native, id=25648, stack(0x0000006511100000,0x0000006511200000) (1024K)]


Current CompileTask:
C2:4740 2680   !   4       jdk.internal.loader.BuiltinClassLoader::loadClassOrNull (143 bytes)

Stack: [0x0000006511100000,0x0000006511200000]
Native frames: (J=compiled Java code, j=interpreted, Vv=VM code, C=native code)
V  [jvm.dll+0x741329]  (no source info available)
V  [jvm.dll+0x97e0c3]  (no source info available)
V  [jvm.dll+0x98039d]  (no source info available)
V  [jvm.dll+0x980a13]  (no source info available)
V  [jvm.dll+0x2b5ad6]  (no source info available)
V  [jvm.dll+0xd013f]  (no source info available)
V  [jvm.dll+0xd039f]  (no source info available)
V  [jvm.dll+0xcffe7]  (no source info available)
V  [jvm.dll+0x1676a4]  (no source info available)
V  [jvm.dll+0x165538]  (no source info available)
V  [jvm.dll+0x164e3f]  (no source info available)
V  [jvm.dll+0x27a322]  (no source info available)
V  [jvm.dll+0x279601]  (no source info available)
V  [jvm.dll+0x1f30da]  (no source info available)
V  [jvm.dll+0x288df5]  (no source info available)
V  [jvm.dll+0x28708a]  (no source info available)
V  [jvm.dll+0x43e136]  (no source info available)
V  [jvm.dll+0x920b08]  (no source info available)
V  [jvm.dll+0x73fab5]  (no source info available)
C  [ucrtbase.dll+0x37b0]  (no source info available)
C  [KERNEL32.DLL+0x2e8d7]  (no source info available)
C  [ntdll.dll+0x3c34c]  (no source info available)

Lock stack of current Java thread (top to bottom):


---------------  P R O C E S S  ---------------

Threads class SMR info:
_java_thread_list=0x000001b0e3078db0, length=28, elements={
0x000001b0c03da2d0, 0x000001b0dc5f9320, 0x000001b0dc5febe0, 0x000001b0dc60aaf0,
0x000001b0dc60b620, 0x000001b0dc60ccc0, 0x000001b0dc60e360, 0x000001b0dc623260,
0x000001b0dc623f10, 0x000001b0dc744240, 0x000001b0dc762370, 0x000001b0dc768ee0,
0x000001b0dc7e0d10, 0x000001b0dc7e14a0, 0x000001b0e1950170, 0x000001b0e19c8a40,
0x000001b0e1a8b940, 0x000001b0e1b31920, 0x000001b0e1d8b7c0, 0x000001b0e199eee0,
0x000001b0e199e040, 0x000001b0e199fd80, 0x000001b0e1fbc3d0, 0x000001b0e2574b50,
0x000001b0e199f630, 0x000001b0e19a0c20, 0x000001b0e199d8f0, 0x000001b0e2340270
}

Java Threads: ( => current thread )
  0x000001b0c03da2d0 JavaThread "main"                              [_thread_blocked, id=36204, stack(0x0000006510300000,0x0000006510400000) (1024K)]
  0x000001b0dc5f9320 JavaThread "Reference Handler"          daemon [_thread_blocked, id=11592, stack(0x0000006510b00000,0x0000006510c00000) (1024K)]
  0x000001b0dc5febe0 JavaThread "Finalizer"                  daemon [_thread_blocked, id=27072, stack(0x0000006510c00000,0x0000006510d00000) (1024K)]
  0x000001b0dc60aaf0 JavaThread "Signal Dispatcher"          daemon [_thread_blocked, id=33588, stack(0x0000006510d00000,0x0000006510e00000) (1024K)]
  0x000001b0dc60b620 JavaThread "Attach Listener"            daemon [_thread_blocked, id=3716, stack(0x0000006510e00000,0x0000006510f00000) (1024K)]
  0x000001b0dc60ccc0 JavaThread "Service Thread"             daemon [_thread_blocked, id=12764, stack(0x0000006510f00000,0x0000006511000000) (1024K)]
  0x000001b0dc60e360 JavaThread "Monitor Deflation Thread"   daemon [_thread_blocked, id=21316, stack(0x0000006511000000,0x0000006511100000) (1024K)]
=>0x000001b0dc623260 JavaThread "C2 CompilerThread0"         daemon [_thread_in_native, id=25648, stack(0x0000006511100000,0x0000006511200000) (1024K)]
  0x000001b0dc623f10 JavaThread "C1 CompilerThread0"         daemon [_thread_blocked, id=35100, stack(0x0000006511200000,0x0000006511300000) (1024K)]
  0x000001b0dc744240 JavaThread "C1 CompilerThread1"         daemon [_thread_blocked, id=31776, stack(0x0000006511300000,0x0000006511400000) (1024K)]
  0x000001b0dc762370 JavaThread "Common-Cleaner"             daemon [_thread_blocked, id=10892, stack(0x0000006511400000,0x0000006511500000) (1024K)]
  0x000001b0dc768ee0 JavaThread "Notification Thread"        daemon [_thread_blocked, id=27228, stack(0x0000006511500000,0x0000006511600000) (1024K)]
  0x000001b0dc7e0d10 JavaThread "C1 CompilerThread2"         daemon [_thread_blocked, id=30600, stack(0x0000006511600000,0x0000006511700000) (1024K)]
  0x000001b0dc7e14a0 JavaThread "C1 CompilerThread3"         daemon [_thread_blocked, id=26640, stack(0x0000006511700000,0x0000006511800000) (1024K)]
  0x000001b0e1950170 JavaThread "ForkJoinPool.commonPool-worker-1" daemon [_thread_blocked, id=10188, stack(0x0000006511900000,0x0000006511a00000) (1024K)]
  0x000001b0e19c8a40 JavaThread "ForkJoinPool.commonPool-worker-2" daemon [_thread_blocked, id=2884, stack(0x0000006511a00000,0x0000006511b00000) (1024K)]
  0x000001b0e1a8b940 JavaThread "ForkJoinPool.commonPool-worker-3" daemon [_thread_blocked, id=2504, stack(0x0000006511b00000,0x0000006511c00000) (1024K)]
  0x000001b0e1b31920 JavaThread "memory-pressure-listener-0"        [_thread_blocked, id=29744, stack(0x0000006512800000,0x0000006512900000) (1024K)]
  0x000001b0e1d8b7c0 JavaThread "pid-file-watcher"           daemon [_thread_blocked, id=35692, stack(0x0000006512b00000,0x0000006512c00000) (1024K)]
  0x000001b0e199eee0 JavaThread "grpc-nio-boss-ELG-1-1"      daemon [_thread_in_native, id=33500, stack(0x0000006511800000,0x0000006511900000) (1024K)]
  0x000001b0e199e040 JavaThread "grpc-timeout-and-memory"    daemon [_thread_blocked, id=27644, stack(0x0000006512d00000,0x0000006512e00000) (1024K)]
  0x000001b0e199fd80 JavaThread "grpc-nio-worker-ELG-3-1"    daemon [_thread_in_native, id=29232, stack(0x0000006512e00000,0x0000006512f00000) (1024K)]
  0x000001b0e1fbc3d0 JavaThread "C2 CompilerThread1"         daemon [_thread_blocked, id=18268, stack(0x0000006512c00000,0x0000006512d00000) (1024K)]
  0x000001b0e2574b50 JavaThread "C2 CompilerThread2"         daemon [_thread_in_native, id=17556, stack(0x0000006513000000,0x0000006513100000) (1024K)]
  0x000001b0e199f630 JavaThread "profile-writer-thread"      daemon [_thread_blocked, id=32064, stack(0x0000006513100000,0x0000006513200000) (1024K)]
  0x000001b0e19a0c20 JavaThread "collect-local-resources"    daemon [_thread_in_native, id=24580, stack(0x0000006513200000,0x0000006513300000) (1024K)]
  0x000001b0e199d8f0 JavaThread "idle-server-tasks-0"               [_thread_blocked, id=23476, stack(0x0000006513300000,0x0000006513400000) (1024K)]
  0x000001b0e2340270 JavaThread "grpc-command-1"             daemon [_thread_blocked, id=27372, stack(0x0000006513400000,0x0000006513500000) (1024K)]
Total: 28

Other Threads:
  0x000001b0dbc353d0 VMThread "VM Thread"                           [id=23292, stack(0x0000006510a00000,0x0000006510b00000) (1024K)]
  0x000001b0dbc01df0 WatcherThread "VM Periodic Task Thread"        [id=33112, stack(0x0000006510900000,0x0000006510a00000) (1024K)]
  0x000001b0c099aaf0 WorkerThread "GC Thread#0"                     [id=5672, stack(0x0000006510400000,0x0000006510500000) (1024K)]
  0x000001b0e1aed0c0 WorkerThread "GC Thread#1"                     [id=16840, stack(0x0000006511c00000,0x0000006511d00000) (1024K)]
  0x000001b0e1aed470 WorkerThread "GC Thread#2"                     [id=35744, stack(0x0000006511d00000,0x0000006511e00000) (1024K)]
  0x000001b0e1b5a030 WorkerThread "GC Thread#3"                     [id=34616, stack(0x0000006511e00000,0x0000006511f00000) (1024K)]
  0x000001b0e1b5c3f0 WorkerThread "GC Thread#4"                     [id=28848, stack(0x0000006511f00000,0x0000006512000000) (1024K)]
  0x000001b0e1b5c7a0 WorkerThread "GC Thread#5"                     [id=28324, stack(0x0000006512000000,0x0000006512100000) (1024K)]
  0x000001b0e1b159e0 WorkerThread "GC Thread#6"                     [id=5964, stack(0x0000006512100000,0x0000006512200000) (1024K)]
  0x000001b0e1b15d90 WorkerThread "GC Thread#7"                     [id=21704, stack(0x0000006512200000,0x0000006512300000) (1024K)]
  0x000001b0e1b16140 WorkerThread "GC Thread#8"                     [id=30696, stack(0x0000006512300000,0x0000006512400000) (1024K)]
  0x000001b0e1b18c80 WorkerThread "GC Thread#9"                     [id=11744, stack(0x0000006512400000,0x0000006512500000) (1024K)]
  0x000001b0e1b18520 WorkerThread "GC Thread#10"                    [id=29048, stack(0x0000006512500000,0x0000006512600000) (1024K)]
  0x000001b0e1b17a10 WorkerThread "GC Thread#11"                    [id=22772, stack(0x0000006512900000,0x0000006512a00000) (1024K)]
  0x000001b0e1b17dc0 WorkerThread "GC Thread#12"                    [id=33856, stack(0x0000006512a00000,0x0000006512b00000) (1024K)]
  0x000001b0c09b0430 ConcurrentGCThread "G1 Main Marker"            [id=18772, stack(0x0000006510500000,0x0000006510600000) (1024K)]
  0x000001b0c09b2440 WorkerThread "G1 Conc#0"                       [id=16452, stack(0x0000006510600000,0x0000006510700000) (1024K)]
  0x000001b0e1b19030 WorkerThread "G1 Conc#1"                       [id=26588, stack(0x0000006512600000,0x0000006512700000) (1024K)]
  0x000001b0e1b188d0 WorkerThread "G1 Conc#2"                       [id=32540, stack(0x0000006512700000,0x0000006512800000) (1024K)]
  0x000001b0c09ee670 ConcurrentGCThread "G1 Refine#0"               [id=6040, stack(0x0000006510700000,0x0000006510800000) (1024K)]
  0x000001b0dbad1070 ConcurrentGCThread "G1 Service"                [id=21500, stack(0x0000006510800000,0x0000006510900000) (1024K)]
Total: 21

Threads with active compile tasks:
C2 CompilerThread0  4952 2680   !   4       jdk.internal.loader.BuiltinClassLoader::loadClassOrNull (143 bytes)
C2 CompilerThread2  4952 2809       4       java.lang.invoke.MethodType::makeImpl (155 bytes)
Total: 2

VM state: not at safepoint (normal execution)

VM Mutex/Monitor currently owned by a thread: None

OutOfMemory and StackOverflow Exception counts:
OutOfMemoryError java_heap_errors=2
LinkageErrors=88

Heap address: 0x0000000704e00000, size: 4018 MB, Compressed Oops mode: Zero based, Oop shift amount: 3

CDS archive(s) not mapped
Compressed class space mapped at: 0x0000000088000000-0x00000000c8000000, reserved size: 1073741824
UseCompressedClassPointers 1, UseCompactObjectHeaders 0
Narrow klass pointer bits 32, Max shift 3
Narrow klass base: 0x0000000000000000, Narrow klass shift: 0
Encoding Range: [0x0000000000000000 - 0x0000000100000000), (4294967296 bytes)
Klass Range:    [0x0000000088000000 - 0x00000000c8000000), (1073741824 bytes)
Klass ID Range:  [2281701376 - 3355443193) (1073741817)

GC Precious Log:
 CardTable entry size: 512
 Card Set container configuration: InlinePtr #cards 4 size 8 Array Of Cards #cards 16 size 48 Howl #buckets 8 coarsen threshold 3686 Howl Bitmap #cards 512 size 80 coarsen threshold 460 Card regions per heap region 1 cards per card region 4096
 CPUs: 16 total, 16 available
 Memory: 16068M
 Large Page Support: Disabled
 NUMA Support: Disabled
 Compressed Oops: Enabled (Zero based)
 Heap Region Size: 2M
 Heap Min Capacity: 8M
 Heap Initial Capacity: 252M
 Heap Max Capacity: 4018M
 Pre-touch: Disabled
 Parallel Workers: 13
 Concurrent Workers: 3
 Concurrent Refinement Workers: 13
 Periodic GC: Disabled

Heap:
 garbage-first heap   total reserved 4114432K, committed 43008K, used 18889K [0x0000000704e00000, 0x0000000800000000)
  region size 2048K, 4 young (8192K), 2 survivors (4096K)
 Metaspace       used 35175K, committed 35584K, reserved 1114112K
  class space    used 3208K, committed 3392K, reserved 1048576K

Heap Regions: E=young(eden), S=young(survivor), O=old, HS=humongous(starts), HC=humongous(continues), CS=collection set, F=free, TAMS=top-at-mark-start, PB=parsable bottom
|   0|0x0000000704e00000, 0x0000000705000000, 0x0000000705000000|100%|HS|  |TAMS 0x0000000704e00000| PB 0x0000000704e00000| Complete |  0
|   1|0x0000000705000000, 0x0000000705200000, 0x0000000705200000|100%|HC|  |TAMS 0x0000000705000000| PB 0x0000000705000000| Complete |  0
|   2|0x0000000705200000, 0x0000000705400000, 0x0000000705400000|100%| O|  |TAMS 0x0000000705200000| PB 0x0000000705200000| Untracked |  0
|   3|0x0000000705400000, 0x0000000705600000, 0x0000000705600000|100%| O|  |TAMS 0x0000000705400000| PB 0x0000000705400000| Untracked |  0
|   4|0x0000000705600000, 0x0000000705800000, 0x0000000705800000|100%| O|  |TAMS 0x0000000705600000| PB 0x0000000705600000| Untracked |  0
|   5|0x0000000705800000, 0x0000000705a00000, 0x0000000705a00000|100%| O|  |TAMS 0x0000000705800000| PB 0x0000000705800000| Untracked |  0
|   6|0x0000000705a00000, 0x0000000705a725a0, 0x0000000705c00000| 22%| O|  |TAMS 0x0000000705a00000| PB 0x0000000705a00000| Untracked |  0
|   7|0x0000000705c00000, 0x0000000705c00000, 0x0000000705e00000|  0%| F|  |TAMS 0x0000000705c00000| PB 0x0000000705c00000| Untracked |  0
|   8|0x0000000705e00000, 0x0000000705e00000, 0x0000000706000000|  0%| F|  |TAMS 0x0000000705e00000| PB 0x0000000705e00000| Untracked |  0
|   9|0x0000000706000000, 0x0000000706000000, 0x0000000706200000|  0%| F|  |TAMS 0x0000000706000000| PB 0x0000000706000000| Untracked |  0
|  10|0x0000000706200000, 0x0000000706200000, 0x0000000706400000|  0%| F|  |TAMS 0x0000000706200000| PB 0x0000000706200000| Untracked |  0
|  11|0x0000000706400000, 0x0000000706600000, 0x0000000706600000|100%| S|CS|TAMS 0x0000000706400000| PB 0x0000000706400000| Complete |  0
|  12|0x0000000706600000, 0x0000000706800000, 0x0000000706800000|100%| S|CS|TAMS 0x0000000706600000| PB 0x0000000706600000| Complete |  0
|  13|0x0000000706800000, 0x0000000706800000, 0x0000000706a00000|  0%| F|  |TAMS 0x0000000706800000| PB 0x0000000706800000| Untracked |  0
|  14|0x0000000706a00000, 0x0000000706a00000, 0x0000000706c00000|  0%| F|  |TAMS 0x0000000706a00000| PB 0x0000000706a00000| Untracked |  0
|  15|0x0000000706c00000, 0x0000000706c00000, 0x0000000706e00000|  0%| F|  |TAMS 0x0000000706c00000| PB 0x0000000706c00000| Untracked |  0
|  16|0x0000000706e00000, 0x0000000706e00000, 0x0000000707000000|  0%| F|  |TAMS 0x0000000706e00000| PB 0x0000000706e00000| Untracked |  0
| 102|0x0000000711a00000, 0x0000000711a00000, 0x0000000711c00000|  0%| F|  |TAMS 0x0000000711a00000| PB 0x0000000711a00000| Untracked |  0
| 103|0x0000000711c00000, 0x0000000711c00000, 0x0000000711e00000|  0%| F|  |TAMS 0x0000000711c00000| PB 0x0000000711c00000| Untracked |  0
| 104|0x0000000711e00000, 0x0000000711fc6348, 0x0000000712000000| 88%| E|  |TAMS 0x0000000711e00000| PB 0x0000000711e00000| Complete |  0
| 125|0x0000000714800000, 0x0000000714a00000, 0x0000000714a00000|100%| E|CS|TAMS 0x0000000714800000| PB 0x0000000714800000| Complete |  0

Card table byte_map: [0x000001b0d4e80000,0x000001b0d5660000] _byte_map_base: 0x000001b0d1659000

Marking Bits: (CMBitMap*) 0x000001b0c099b110
 Bits: [0x000001b0d5660000, 0x000001b0d9528000)

Polling page: 0x000001b0c46c0000

Metaspace:

Usage:
  Non-class:     31.22 MB used.
      Class:      3.13 MB used.
       Both:     34.35 MB used.

Virtual space:
  Non-class space:       64.00 MB reserved,      31.44 MB ( 49%) committed,  1 nodes.
      Class space:        1.00 GB reserved,       3.31 MB ( <1%) committed,  1 nodes.
             Both:        1.06 GB reserved,      34.75 MB (  3%) committed. 

Chunk freelists:
   Non-Class:  94.00 KB
       Class:  12.74 MB
        Both:  12.83 MB

MaxMetaspaceSize: unlimited
CompressedClassSpaceSize: 1.00 GB
Initial GC threshold: 21.00 MB
Current GC threshold: 35.25 MB
CDS: off
 - commit_granule_bytes: 65536.
 - commit_granule_words: 8192.
 - virtual_space_node_default_size: 8388608.
 - enlarge_chunks_in_place: 1.
UseCompressedClassPointers 1, UseCompactObjectHeaders 0
Narrow klass pointer bits 32, Max shift 3
Narrow klass base: 0x0000000000000000, Narrow klass shift: 0
Encoding Range: [0x0000000000000000 - 0x0000000100000000), (4294967296 bytes)
Klass Range:    [0x0000000088000000 - 0x00000000c8000000), (1073741824 bytes)
Klass ID Range:  [2281701376 - 3355443193) (1073741817)


Internal statistics:

num_allocs_failed_limit: 3.
num_arena_births: 346.
num_arena_deaths: 0.
num_vsnodes_births: 2.
num_vsnodes_deaths: 0.
num_space_committed: 556.
num_space_uncommitted: 0.
num_chunks_returned_to_freelist: 3.
num_chunks_taken_from_freelist: 1255.
num_chunk_merges: 3.
num_chunk_splits: 875.
num_chunks_enlarged: 693.
num_inconsistent_stats: 0.

CodeHeap 'non-profiled nmethods': size=119232Kb used=792Kb max_used=792Kb free=118439Kb
 bounds [0x000001b0cc270000, 0x000001b0cc4e0000, 0x000001b0d36e0000]
CodeHeap 'profiled nmethods': size=119104Kb used=4542Kb max_used=4542Kb free=114561Kb
 bounds [0x000001b0c46e0000, 0x000001b0c4b50000, 0x000001b0cbb30000]
CodeHeap 'non-nmethods': size=7424Kb used=3212Kb max_used=3230Kb free=4211Kb
 bounds [0x000001b0cbb30000, 0x000001b0cbe60000, 0x000001b0cc270000]
CodeCache: size=245760Kb, used=8546Kb, max_used=8564Kb, free=237211Kb
 total_blobs=3528, nmethods=2845, adapters=585, full_count=0
Compilation: enabled, stopped_count=0, restarted_count=0

Compilation events (20 events):
Event: 4.669 Thread 0x000001b0dc7e14a0 2810       3       java.io.WinNTFileSystem::normalize (224 bytes)
Event: 4.672 Thread 0x000001b0dc7e14a0 nmethod 2810 0x000001b0c4b42b08 code [0x000001b0c4b42e60, 0x000001b0c4b44f18]
Event: 4.688 Thread 0x000001b0dc7e14a0 2812       1       com.google.devtools.build.lib.profiler.ProfilerTask::isVfs (5 bytes)
Event: 4.688 Thread 0x000001b0e1fbc3d0 2813       4       com.google.common.collect.Hashing::smear (19 bytes)
Event: 4.689 Thread 0x000001b0dc7e14a0 nmethod 2812 0x000001b0cc334b88 code [0x000001b0cc334c80, 0x000001b0cc334d48]
Event: 4.691 Thread 0x000001b0e1fbc3d0 nmethod 2813 0x000001b0cc334e88 code [0x000001b0cc334f80, 0x000001b0cc335008]
Event: 4.695 Thread 0x000001b0dc7e14a0 2814  s    3       java.lang.Throwable::fillInStackTrace (29 bytes)
Event: 4.695 Thread 0x000001b0dc7e14a0 nmethod 2814 0x000001b0c4b45008 code [0x000001b0c4b45140, 0x000001b0c4b454b8]
Event: 4.704 Thread 0x000001b0dc7e14a0 2815       3       java.util.HashSet::<init> (16 bytes)
Event: 4.705 Thread 0x000001b0dc7e14a0 nmethod 2815 0x000001b0c4b45508 code [0x000001b0c4b45640, 0x000001b0c4b45a40]
Event: 4.706 Thread 0x000001b0dc7e14a0 2816       3       java.util.concurrent.atomic.AtomicLong::<init> (10 bytes)
Event: 4.707 Thread 0x000001b0dc7e14a0 nmethod 2816 0x000001b0c4b45a88 code [0x000001b0c4b45ba0, 0x000001b0c4b45d78]
Event: 4.727 Thread 0x000001b0dc623f10 2817       3       java.util.Formatter$Flags::contains (13 bytes)
Event: 4.728 Thread 0x000001b0dc623f10 nmethod 2817 0x000001b0c4b45e08 code [0x000001b0c4b45f20, 0x000001b0c4b46058]
Event: 4.728 Thread 0x000001b0dc7e14a0 2818       1       java.util.Formatter$FormatSpecifier::index (5 bytes)
Event: 4.728 Thread 0x000001b0dc623f10 2819       1       java.util.Formatter$FixedString::index (3 bytes)
Event: 4.728 Thread 0x000001b0dc7e14a0 nmethod 2818 0x000001b0cc335188 code [0x000001b0cc335280, 0x000001b0cc335348]
Event: 4.729 Thread 0x000001b0dc623f10 nmethod 2819 0x000001b0cc335488 code [0x000001b0cc335580, 0x000001b0cc335648]
Event: 4.734 Thread 0x000001b0dc623f10 2820       3       java.util.regex.Pattern$TreeInfo::reset (21 bytes)
Event: 4.734 Thread 0x000001b0dc623f10 nmethod 2820 0x000001b0c4b46108 code [0x000001b0c4b46220, 0x000001b0c4b46340]

GC Heap History (8 events):
Event: 2.789 GC heap before
{Heap before GC invocations=0 (full 0):
 garbage-first heap   total reserved 4114432K, committed 258048K, used 43008K [0x0000000704e00000, 0x0000000800000000)
  region size 2048K, 21 young (43008K), 0 survivors (0K)
 Metaspace       used 21284K, committed 21504K, reserved 1114112K
  class space    used 1839K, committed 1920K, reserved 1048576K
}
Event: 2.799 GC heap after
{Heap after GC invocations=1 (full 0):
 garbage-first heap   total reserved 4114432K, committed 258048K, used 9231K [0x0000000704e00000, 0x0000000800000000)
  region size 2048K, 3 young (6144K), 3 survivors (6144K)
 Metaspace       used 21284K, committed 21504K, reserved 1114112K
  class space    used 1839K, committed 1920K, reserved 1048576K
}
Event: 3.470 GC heap before
{Heap before GC invocations=2 (full 0):
 garbage-first heap   total reserved 4114432K, committed 34816K, used 33807K [0x0000000704e00000, 0x0000000800000000)
  region size 2048K, 15 young (30720K), 3 survivors (6144K)
 Metaspace       used 25704K, committed 25920K, reserved 1114112K
  class space    used 2261K, committed 2368K, reserved 1048576K
}
Event: 3.481 GC heap after
{Heap after GC invocations=3 (full 0):
 garbage-first heap   total reserved 4114432K, committed 43008K, used 11986K [0x0000000704e00000, 0x0000000800000000)
  region size 2048K, 4 young (8192K), 4 survivors (8192K)
 Metaspace       used 25704K, committed 25920K, reserved 1114112K
  class space    used 2261K, committed 2368K, reserved 1048576K
}
Event: 3.931 GC heap before
{Heap before GC invocations=3 (full 0):
 garbage-first heap   total reserved 4114432K, committed 43008K, used 28370K [0x0000000704e00000, 0x0000000800000000)
  region size 2048K, 12 young (24576K), 4 survivors (8192K)
 Metaspace       used 30919K, committed 31232K, reserved 1114112K
  class space    used 2692K, committed 2816K, reserved 1048576K
}
Event: 3.941 GC heap after
{Heap after GC invocations=4 (full 0):
 garbage-first heap   total reserved 4114432K, committed 43008K, used 13733K [0x0000000704e00000, 0x0000000800000000)
  region size 2048K, 2 young (4096K), 2 survivors (4096K)
 Metaspace       used 30919K, committed 31232K, reserved 1114112K
  class space    used 2692K, committed 2816K, reserved 1048576K
}
Event: 4.606 GC heap before
{Heap before GC invocations=4 (full 0):
 garbage-first heap   total reserved 4114432K, committed 43008K, used 28069K [0x0000000704e00000, 0x0000000800000000)
  region size 2048K, 10 young (20480K), 2 survivors (4096K)
 Metaspace       used 34319K, committed 34624K, reserved 1114112K
  class space    used 3129K, committed 3264K, reserved 1048576K
}
Event: 4.614 GC heap after
{Heap after GC invocations=5 (full 0):
 garbage-first heap   total reserved 4114432K, committed 43008K, used 16841K [0x0000000704e00000, 0x0000000800000000)
  region size 2048K, 2 young (4096K), 2 survivors (4096K)
 Metaspace       used 34319K, committed 34624K, reserved 1114112K
  class space    used 3129K, committed 3264K, reserved 1048576K
}

Dll operation events (10 events):
Event: 0.032 Loaded shared library c:\users\dell\_bazel~1\install\6dde77~1\embedd~1\jdk\bin\java.dll
Event: 0.301 Loaded shared library C:\Users\DELL\_bazel_DELL\install\6dde77cbd375a611e41419bb2e6a538d\embedded_tools\jdk\bin\net.dll
Event: 0.311 Loaded shared library C:\Users\DELL\_bazel_DELL\install\6dde77cbd375a611e41419bb2e6a538d\embedded_tools\jdk\bin\nio.dll
Event: 0.442 Loaded shared library C:\Users\DELL\_bazel_DELL\install\6dde77cbd375a611e41419bb2e6a538d\embedded_tools\jdk\bin\zip.dll
Event: 0.532 Loaded shared library C:\Users\DELL\_bazel_DELL\install\6dde77cbd375a611e41419bb2e6a538d\embedded_tools\jdk\bin\jimage.dll
Event: 1.206 Loaded shared library C:\Users\DELL\_bazel_DELL\install\6dde77cbd375a611e41419bb2e6a538d\embedded_tools\jdk\bin\management.dll
Event: 1.213 Loaded shared library C:\Users\DELL\_bazel_DELL\install\6dde77cbd375a611e41419bb2e6a538d\embedded_tools\jdk\bin\management_ext.dll
Event: 1.774 Loaded shared library C:\Users\DELL\AppData\Local\Temp\bazel-jni.6657363971632570091\windows_jni.dll
Event: 1.820 Loaded shared library C:\Users\DELL\_bazel_DELL\install\6dde77cbd375a611e41419bb2e6a538d\embedded_tools\jdk\bin\sunmscapi.dll
Event: 2.951 Loaded shared library C:\Users\DELL\_bazel_DELL\install\6dde77cbd375a611e41419bb2e6a538d\cpu_profiler.dll

Deoptimization events (20 events):
Event: 3.909 Thread 0x000001b0e199fd80 Uncommon trap: trap_request=0xffffff4d fr.pc=0x000001b0cc2aaf34 relative=0x0000000000000094
Event: 3.909 Thread 0x000001b0e199fd80 Uncommon trap: reason=unstable_if action=reinterpret pc=0x000001b0cc2aaf34 method=java.lang.CharacterDataLatin1.digit(II)I @ 7 c2
Event: 3.909 Thread 0x000001b0e199fd80 DEOPT PACKING pc=0x000001b0cc2aaf34 sp=0x0000006512efce20
Event: 3.909 Thread 0x000001b0e199fd80 DEOPT UNPACKING pc=0x000001b0cbc40982 sp=0x0000006512efcda0 mode 2
Event: 4.022 Thread 0x000001b0e199fd80 Uncommon trap: trap_request=0xffffff4d fr.pc=0x000001b0cc31832c relative=0x000000000000010c
Event: 4.022 Thread 0x000001b0e199fd80 Uncommon trap: reason=unstable_if action=reinterpret pc=0x000001b0cc31832c method=java.lang.ThreadLocal.get(Ljava/lang/Thread;)Ljava/lang/Object; @ 7 c2
Event: 4.022 Thread 0x000001b0e199fd80 DEOPT PACKING pc=0x000001b0cc31832c sp=0x0000006512efd2f0
Event: 4.022 Thread 0x000001b0e199fd80 DEOPT UNPACKING pc=0x000001b0cbc40982 sp=0x0000006512efd278 mode 2
Event: 4.083 Thread 0x000001b0e199fd80 DEOPT PACKING pc=0x000001b0c4a78b56 sp=0x0000006512efcff0
Event: 4.083 Thread 0x000001b0e199fd80 DEOPT UNPACKING pc=0x000001b0cbb85722 sp=0x0000006512efc500 mode 0
Event: 4.102 Thread 0x000001b0e199fd80 Uncommon trap: trap_request=0xffffff45 fr.pc=0x000001b0cc2c6a68 relative=0x0000000000000168
Event: 4.102 Thread 0x000001b0e199fd80 Uncommon trap: reason=unstable_fused_if action=reinterpret pc=0x000001b0cc2c6a68 method=java.lang.StringLatin1.canEncode(I)Z @ 1 c2
Event: 4.102 Thread 0x000001b0e199fd80 DEOPT PACKING pc=0x000001b0cc2c6a68 sp=0x0000006512efd520
Event: 4.102 Thread 0x000001b0e199fd80 DEOPT UNPACKING pc=0x000001b0cbc40982 sp=0x0000006512efd3e8 mode 2
Event: 4.329 Thread 0x000001b0e19a04d0 Uncommon trap: trap_request=0xffffff4d fr.pc=0x000001b0cc31864c relative=0x000000000000012c
Event: 4.329 Thread 0x000001b0e19a04d0 Uncommon trap: reason=unstable_if action=reinterpret pc=0x000001b0cc31864c method=java.lang.ThreadLocal$ThreadLocalMap.getEntry(Ljava/lang/ThreadLocal;)Ljava/lang/ThreadLocal$ThreadLocalMap$Entry; @ 21 c2
Event: 4.329 Thread 0x000001b0e19a04d0 DEOPT PACKING pc=0x000001b0cc31864c sp=0x0000006512ffebe0
Event: 4.329 Thread 0x000001b0e19a04d0 DEOPT UNPACKING pc=0x000001b0cbc40982 sp=0x0000006512ffea90 mode 2
Event: 4.415 Thread 0x000001b0e19a04d0 DEOPT PACKING pc=0x000001b0c4a78b56 sp=0x0000006512ffd830
Event: 4.415 Thread 0x000001b0e19a04d0 DEOPT UNPACKING pc=0x000001b0cbb85722 sp=0x0000006512ffcd40 mode 0

Classes loaded (20 events):
Event: 4.647 Loading class java/util/concurrent/CopyOnWriteArraySet
Event: 4.647 Loading class java/util/concurrent/CopyOnWriteArraySet done
Event: 4.649 Loading class java/util/concurrent/Semaphore$FairSync
Event: 4.649 Loading class java/util/concurrent/Semaphore$FairSync done
Event: 4.681 Loading class java/util/function/ToLongFunction
Event: 4.681 Loading class java/util/function/ToLongFunction done
Event: 4.702 Loading class java/util/LinkedList
Event: 4.703 Loading class java/util/AbstractSequentialList
Event: 4.703 Loading class java/util/AbstractSequentialList done
Event: 4.704 Loading class java/util/LinkedList done
Event: 4.712 Loading class java/util/zip/GZIPOutputStream
Event: 4.713 Loading class java/util/zip/DeflaterOutputStream
Event: 4.713 Loading class java/util/zip/DeflaterOutputStream done
Event: 4.713 Loading class java/util/zip/GZIPOutputStream done
Event: 4.713 Loading class java/util/zip/Deflater
Event: 4.714 Loading class java/util/zip/Deflater done
Event: 4.717 Loading class java/util/zip/Deflater$DeflaterZStreamRef
Event: 4.717 Loading class java/util/zip/Deflater$DeflaterZStreamRef done
Event: 4.735 Loading class java/time/Instant$1
Event: 4.735 Loading class java/time/Instant$1 done

Classes unloaded (0 events):
No events

Classes redefined (0 events):
No events

Internal exceptions (20 events):
Event: 3.588 Thread 0x000001b0c03da2d0 Exception <a 'java/lang/NoSuchMethodError'{0x0000000711d9bc68}: 'java.lang.Object java.lang.invoke.Invokers$Holder.invokeExact_MT(java.lang.Object, java.lang.Object, java.lang.Object, java.lang.Object, java.lang.Object)'> (0x0000000711d9bc68) 
thrown [s\src\hotspot\share\interpreter\linkResolver.cpp, line 805]
Event: 3.595 Thread 0x000001b0c03da2d0 Exception <a 'java/lang/UnsatisfiedLinkError'{0x0000000711dc75f8}: 'int io.netty.channel.epoll.Native.offsetofEpollData()'> (0x0000000711dc75f8) 
thrown [s\src\hotspot\share\prims\nativeLookup.cpp, line 416]
Event: 3.595 Thread 0x000001b0c03da2d0 Exception <a 'java/lang/ExceptionInInitializerError'{0x0000000711dc8be8}> (0x0000000711dc8be8) 
thrown [s\src\hotspot\share\oops\instanceKlass.cpp, line 1333]
Event: 3.608 Thread 0x000001b0c03da2d0 Exception <a 'java/lang/NoSuchMethodError'{0x0000000711a57888}: 'int java.lang.invoke.DirectMethodHandle$Holder.invokeStatic(java.lang.Object)'> (0x0000000711a57888) 
thrown [s\src\hotspot\share\interpreter\linkResolver.cpp, line 805]
Event: 3.609 Thread 0x000001b0c03da2d0 Exception <a 'java/lang/NoSuchMethodError'{0x0000000711a5f600}: 'int java.lang.invoke.DelegatingMethodHandle$Holder.reinvoke_L(java.lang.Object)'> (0x0000000711a5f600) 
thrown [s\src\hotspot\share\interpreter\linkResolver.cpp, line 805]
Event: 3.745 Thread 0x000001b0e199eee0 Exception <a 'java/lang/NoSuchMethodError'{0x0000000706229be8}: 'long java.lang.invoke.DirectMethodHandle$Holder.invokeInterface(java.lang.Object, java.lang.Object)'> (0x0000000706229be8) 
thrown [s\src\hotspot\share\interpreter\linkResolver.cpp, line 805]
Event: 3.746 Thread 0x000001b0e199eee0 Exception <a 'java/lang/NoSuchMethodError'{0x0000000706236098}: 'long java.lang.invoke.DelegatingMethodHandle$Holder.reinvoke_L(java.lang.Object, java.lang.Object)'> (0x0000000706236098) 
thrown [s\src\hotspot\share\interpreter\linkResolver.cpp, line 805]
Event: 4.022 Thread 0x000001b0e199fd80 Implicit null exception at 0x000001b0cc318251 to 0x000001b0cc318314
Event: 4.084 Thread 0x000001b0e199fd80 Exception <a 'java/lang/NoSuchMethodError'{0x0000000711eab740}: 'void java.lang.invoke.DirectMethodHandle$Holder.invokeVirtual(java.lang.Object, java.lang.Object, long)'> (0x0000000711eab740) 
thrown [s\src\hotspot\share\interpreter\linkResolver.cpp, line 805]
Event: 4.085 Thread 0x000001b0e199fd80 Exception <a 'java/lang/NoSuchMethodError'{0x0000000711eb41e0}: 'long java.lang.invoke.DirectMethodHandle$Holder.invokeStatic(java.lang.Object, java.lang.Object, int)'> (0x0000000711eb41e0) 
thrown [s\src\hotspot\share\interpreter\linkResolver.cpp, line 805]
Event: 4.086 Thread 0x000001b0e199fd80 Exception <a 'java/lang/NoSuchMethodError'{0x0000000711ec49f0}: 'long java.lang.invoke.DelegatingMethodHandle$Holder.reinvoke_L(java.lang.Object, java.lang.Object, int)'> (0x0000000711ec49f0) 
thrown [s\src\hotspot\share\interpreter\linkResolver.cpp, line 805]
Event: 4.087 Thread 0x000001b0e199fd80 Exception <a 'java/lang/NoSuchMethodError'{0x0000000711ed0ec8}: 'void java.lang.invoke.DirectMethodHandle$Holder.invokeSpecial(java.lang.Object, java.lang.Object, java.lang.Object, long)'> (0x0000000711ed0ec8) 
thrown [s\src\hotspot\share\interpreter\linkResolver.cpp, line 805]
Event: 4.088 Thread 0x000001b0e199fd80 Exception <a 'java/lang/NoSuchMethodError'{0x0000000711edd478}: 'void java.lang.invoke.DelegatingMethodHandle$Holder.reinvoke_L(java.lang.Object, java.lang.Object, long)'> (0x0000000711edd478) 
thrown [s\src\hotspot\share\interpreter\linkResolver.cpp, line 805]
Event: 4.112 Thread 0x000001b0e199fd80 Exception <a 'java/lang/NoSuchMethodError'{0x0000000711fab808}: 'java.lang.Object java.lang.invoke.DirectMethodHandle$Holder.newInvokeSpecial(java.lang.Object, java.lang.Object, int, int)'> (0x0000000711fab808) 
thrown [s\src\hotspot\share\interpreter\linkResolver.cpp, line 805]
Event: 4.304 Thread 0x000001b0e19a04d0 Exception <a 'java/lang/NoSuchMethodError'{0x0000000706e7af40}: 'java.lang.Object java.lang.invoke.DirectMethodHandle$Holder.invokeSpecialIFC(java.lang.Object, java.lang.Object)'> (0x0000000706e7af40) 
thrown [s\src\hotspot\share\interpreter\linkResolver.cpp, line 805]
Event: 4.329 Thread 0x000001b0e19a04d0 Implicit null exception at 0x000001b0cc31857a to 0x000001b0cc31862c
Event: 4.329 Thread 0x000001b0e19a04d0 Exception <a 'sun/nio/fs/WindowsException'{0x0000000706eee798}> (0x0000000706eee798) 
thrown [s\src\hotspot\share\prims\jni.cpp, line 518]
Event: 4.545 Thread 0x000001b0e19a04d0 Exception <a 'java/lang/NoSuchMethodError'{0x00000007068e53c8}: 'double java.lang.invoke.DelegatingMethodHandle$Holder.reinvoke_L(java.lang.Object, java.lang.Object)'> (0x00000007068e53c8) 
thrown [s\src\hotspot\share\interpreter\linkResolver.cpp, line 805]
Event: 4.549 Thread 0x000001b0e19a04d0 Exception <a 'java/lang/NoSuchMethodError'{0x00000007068fe060}: 'void java.lang.invoke.DelegatingMethodHandle$Holder.reinvoke_L(java.lang.Object, java.lang.Object, double)'> (0x00000007068fe060) 
thrown [s\src\hotspot\share\interpreter\linkResolver.cpp, line 805]
Event: 4.682 Thread 0x000001b0e19a04d0 Exception <a 'java/lang/NoSuchMethodError'{0x00000007148fd050}: 'long java.lang.invoke.DirectMethodHandle$Holder.invokeSpecial(java.lang.Object, java.lang.Object)'> (0x00000007148fd050) 
thrown [s\src\hotspot\share\interpreter\linkResolver.cpp, line 805]

VM Operations (20 events):
Event: 2.802 Executing VM operation: G1PauseRemark
Event: 2.804 Executing VM operation: G1PauseRemark done
Event: 2.804 Executing VM operation: G1PauseCleanup
Event: 2.806 Executing VM operation: G1PauseCleanup done
Event: 2.941 Executing VM operation: HandshakeAllThreads (Deoptimize)
Event: 2.941 Executing VM operation: HandshakeAllThreads (Deoptimize) done
Event: 3.328 Executing VM operation: HandshakeAllThreads (Deoptimize)
Event: 3.328 Executing VM operation: HandshakeAllThreads (Deoptimize) done
Event: 3.470 Executing VM operation: G1CollectForAllocation (G1 Evacuation Pause)
Event: 3.481 Executing VM operation: G1CollectForAllocation (G1 Evacuation Pause) done
Event: 3.720 Executing VM operation: HandshakeAllThreads (Deoptimize)
Event: 3.720 Executing VM operation: HandshakeAllThreads (Deoptimize) done
Event: 3.726 Executing VM operation: HandshakeAllThreads (Deoptimize)
Event: 3.726 Executing VM operation: HandshakeAllThreads (Deoptimize) done
Event: 3.931 Executing VM operation: G1CollectForAllocation (G1 Evacuation Pause)
Event: 3.941 Executing VM operation: G1CollectForAllocation (G1 Evacuation Pause) done
Event: 4.391 Executing VM operation: HandshakeAllThreads (Deoptimize)
Event: 4.391 Executing VM operation: HandshakeAllThreads (Deoptimize) done
Event: 4.606 Executing VM operation: G1CollectForAllocation (G1 Evacuation Pause)
Event: 4.614 Executing VM operation: G1CollectForAllocation (G1 Evacuation Pause) done

Memory protections (0 events):
No events

Nmethod flushes (0 events):
No events

Events (20 events):
Event: 1.776 Thread 0x000001b0e1770540 Thread exited: 0x000001b0e1770540
Event: 2.066 Thread 0x000001b0dc623f10 Thread added: 0x000001b0e185f670
Event: 2.491 Thread 0x000001b0c03da2d0 Thread added: 0x000001b0e1950170
Event: 2.602 Thread 0x000001b0e1950170 Thread added: 0x000001b0e19c8a40
Event: 2.622 Thread 0x000001b0c03da2d0 Thread added: 0x000001b0e1a8b940
Event: 2.834 Thread 0x000001b0dc768ee0 Thread added: 0x000001b0e1b31920
Event: 3.529 Thread 0x000001b0c03da2d0 Thread added: 0x000001b0e1d8b7c0
Event: 3.544 Thread 0x000001b0c03da2d0 Thread added: 0x000001b0e2389f60
Event: 3.634 Thread 0x000001b0e185f670 Thread exited: 0x000001b0e185f670
Event: 3.739 Thread 0x000001b0c03da2d0 Thread added: 0x000001b0e199eee0
Event: 3.780 Thread 0x000001b0c03da2d0 Thread added: 0x000001b0e199e040
Event: 3.892 Thread 0x000001b0e199eee0 Thread added: 0x000001b0e199fd80
Event: 4.104 Thread 0x000001b0e2389f60 Thread exited: 0x000001b0e2389f60
Event: 4.115 Thread 0x000001b0e199fd80 Thread added: 0x000001b0e199f630
Event: 4.147 Thread 0x000001b0e199fd80 Thread added: 0x000001b0e19a04d0
Event: 4.148 Thread 0x000001b0e199f630 Thread exited: 0x000001b0e199f630
Event: 4.479 Thread 0x000001b0dc623f10 Thread added: 0x000001b0e1fbc3d0
Event: 4.518 Thread 0x000001b0dc7e0d10 Thread added: 0x000001b0e2574b50
Event: 4.719 Thread 0x000001b0e19a04d0 Thread added: 0x000001b0e199f630
Event: 4.720 Thread 0x000001b0e19a04d0 Thread added: 0x000001b0e19a0c20


Dynamic libraries:
0x00007ff72d400000 - 0x00007ff72d40f000 	c:\users\dell\_bazel~1\install\6dde77~1\embedd~1\jdk\bin\java.exe
0x00007ff885660000 - 0x00007ff8858c7000 	C:\WINDOWS\SYSTEM32\ntdll.dll
0x00007ff884430000 - 0x00007ff8844f9000 	C:\WINDOWS\System32\KERNEL32.DLL
0x00007ff882ff0000 - 0x00007ff8833e0000 	C:\WINDOWS\System32\KERNELBASE.dll
0x00007ff882d60000 - 0x00007ff882eab000 	C:\WINDOWS\System32\ucrtbase.dll
0x00007ff8345e0000 - 0x00007ff8345fe000 	c:\users\dell\_bazel~1\install\6dde77~1\embedd~1\jdk\bin\VCRUNTIME140.dll
0x00007ff834310000 - 0x00007ff834326000 	c:\users\dell\_bazel~1\install\6dde77~1\embedd~1\jdk\bin\jli.dll
0x00007ff883bb0000 - 0x00007ff883d75000 	C:\WINDOWS\System32\USER32.dll
0x00007ff882d30000 - 0x00007ff882d57000 	C:\WINDOWS\System32\win32u.dll
0x00007ff86a850000 - 0x00007ff86aaea000 	C:\WINDOWS\WinSxS\amd64_microsoft.windows.common-controls_6595b64144ccf1df_6.0.26100.4768_none_3e0c112ce331287c\COMCTL32.dll
0x00007ff883e40000 - 0x00007ff883ee9000 	C:\WINDOWS\System32\msvcrt.dll
0x00007ff884400000 - 0x00007ff88442b000 	C:\WINDOWS\System32\GDI32.dll
0x00007ff882eb0000 - 0x00007ff882fe8000 	C:\WINDOWS\System32\gdi32full.dll
0x00007ff8828e0000 - 0x00007ff882983000 	C:\WINDOWS\System32\msvcp_win.dll
0x00007ff884db0000 - 0x00007ff884ddf000 	C:\WINDOWS\System32\IMM32.DLL
0x00007ff840c40000 - 0x00007ff840c4c000 	c:\users\dell\_bazel~1\install\6dde77~1\embedd~1\jdk\bin\vcruntime140_1.dll
0x00007ff809740000 - 0x00007ff8097cd000 	c:\users\dell\_bazel~1\install\6dde77~1\embedd~1\jdk\bin\msvcp140.dll
0x00007fffd1fe0000 - 0x00007fffd2e5c000 	c:\users\dell\_bazel~1\install\6dde77~1\embedd~1\jdk\bin\server\jvm.dll
0x00007ff883d80000 - 0x00007ff883e34000 	C:\WINDOWS\System32\ADVAPI32.dll
0x00007ff8849f0000 - 0x00007ff884a96000 	C:\WINDOWS\System32\sechost.dll
0x00007ff884b90000 - 0x00007ff884ca8000 	C:\WINDOWS\System32\RPCRT4.dll
0x00007ff8838d0000 - 0x00007ff883944000 	C:\WINDOWS\System32\WS2_32.dll
0x00007ff87cb90000 - 0x00007ff87cbc5000 	C:\WINDOWS\SYSTEM32\WINMM.dll
0x00007ff8810c0000 - 0x00007ff8810cb000 	C:\WINDOWS\SYSTEM32\VERSION.dll
0x00007ff8825f0000 - 0x00007ff88264e000 	C:\WINDOWS\SYSTEM32\POWRPROF.dll
0x00007ff8825d0000 - 0x00007ff8825e4000 	C:\WINDOWS\SYSTEM32\UMPDC.dll
0x00007ff881510000 - 0x00007ff88152b000 	C:\WINDOWS\SYSTEM32\kernel.appcore.dll
0x00007ff83ede0000 - 0x00007ff83edea000 	c:\users\dell\_bazel~1\install\6dde77~1\embedd~1\jdk\bin\jimage.dll
0x00007ff87fae0000 - 0x00007ff87fd21000 	C:\WINDOWS\SYSTEM32\DBGHELP.DLL
0x00007ff883ef0000 - 0x00007ff884275000 	C:\WINDOWS\System32\combase.dll
0x00007ff884aa0000 - 0x00007ff884b80000 	C:\WINDOWS\System32\OLEAUT32.dll
0x00007ff8792e0000 - 0x00007ff879323000 	C:\WINDOWS\SYSTEM32\dbgcore.DLL
0x00007ff882990000 - 0x00007ff882a29000 	C:\WINDOWS\System32\bcryptPrimitives.dll
0x00007ff833a70000 - 0x00007ff833a8e000 	c:\users\dell\_bazel~1\install\6dde77~1\embedd~1\jdk\bin\java.dll
0x00007ff883a00000 - 0x00007ff883ba0000 	C:\WINDOWS\System32\ole32.dll
0x00007ff884df0000 - 0x00007ff88553d000 	C:\WINDOWS\System32\SHELL32.dll
0x00007ff882a30000 - 0x00007ff882ba3000 	C:\WINDOWS\System32\wintypes.dll
0x00007ff8800d0000 - 0x00007ff88092f000 	C:\WINDOWS\SYSTEM32\windows.storage.dll
0x00007ff8842f0000 - 0x00007ff8843e5000 	C:\WINDOWS\System32\SHCORE.dll
0x00007ff8836f0000 - 0x00007ff88375a000 	C:\WINDOWS\System32\shlwapi.dll
0x00007ff8826b0000 - 0x00007ff8826d9000 	C:\WINDOWS\SYSTEM32\profapi.dll
0x00007ff83ebe0000 - 0x00007ff83ebf0000 	C:\Users\DELL\_bazel_DELL\install\6dde77cbd375a611e41419bb2e6a538d\embedded_tools\jdk\bin\net.dll
0x00007ff881aa0000 - 0x00007ff881b0b000 	C:\WINDOWS\system32\mswsock.dll
0x00007ff833620000 - 0x00007ff833636000 	C:\Users\DELL\_bazel_DELL\install\6dde77cbd375a611e41419bb2e6a538d\embedded_tools\jdk\bin\nio.dll
0x00007ff8330c0000 - 0x00007ff8330d7000 	C:\Users\DELL\_bazel_DELL\install\6dde77cbd375a611e41419bb2e6a538d\embedded_tools\jdk\bin\zip.dll
0x00007ff861320000 - 0x00007ff861338000 	C:\WINDOWS\system32\napinsp.dll
0x00007ff880df0000 - 0x00007ff880f16000 	C:\WINDOWS\SYSTEM32\DNSAPI.dll
0x00007ff880d00000 - 0x00007ff880d33000 	C:\WINDOWS\SYSTEM32\IPHLPAPI.DLL
0x00007ff8842e0000 - 0x00007ff8842ea000 	C:\WINDOWS\System32\NSI.dll
0x00007ff861030000 - 0x00007ff861042000 	C:\WINDOWS\System32\winrnr.dll
0x00007ff860ff0000 - 0x00007ff861020000 	C:\WINDOWS\system32\nlansp_c.dll
0x00007ff874420000 - 0x00007ff874440000 	C:\WINDOWS\system32\wshbth.dll
0x00007ff8742b0000 - 0x00007ff8742bb000 	C:\Windows\System32\rasadhlp.dll
0x00007ff8791f0000 - 0x00007ff879276000 	C:\WINDOWS\System32\fwpuclnt.dll
0x00007ff83e570000 - 0x00007ff83e57a000 	C:\Users\DELL\_bazel_DELL\install\6dde77cbd375a611e41419bb2e6a538d\embedded_tools\jdk\bin\management.dll
0x00007ff835b10000 - 0x00007ff835b1b000 	C:\Users\DELL\_bazel_DELL\install\6dde77cbd375a611e41419bb2e6a538d\embedded_tools\jdk\bin\management_ext.dll
0x00007ff8842d0000 - 0x00007ff8842d8000 	C:\WINDOWS\System32\PSAPI.DLL
0x00007ff881d60000 - 0x00007ff881d7b000 	C:\WINDOWS\SYSTEM32\CRYPTSP.dll
0x00007ff881470000 - 0x00007ff8814ab000 	C:\WINDOWS\system32\rsaenh.dll
0x00007ff881b40000 - 0x00007ff881b6b000 	C:\WINDOWS\SYSTEM32\USERENV.dll
0x00007ff882680000 - 0x00007ff8826a6000 	C:\WINDOWS\SYSTEM32\bcrypt.dll
0x00007ff881d80000 - 0x00007ff881d8c000 	C:\WINDOWS\SYSTEM32\CRYPTBASE.dll
0x00007ff82f830000 - 0x00007ff82f85d000 	C:\Users\DELL\AppData\Local\Temp\bazel-jni.6657363971632570091\windows_jni.dll
0x00007ff8352f0000 - 0x00007ff8352fe000 	C:\Users\DELL\_bazel_DELL\install\6dde77cbd375a611e41419bb2e6a538d\embedded_tools\jdk\bin\sunmscapi.dll
0x00007ff882bb0000 - 0x00007ff882d27000 	C:\WINDOWS\System32\CRYPT32.dll
0x00007ff881f80000 - 0x00007ff881fb0000 	C:\WINDOWS\SYSTEM32\ncrypt.dll
0x00007ff881f30000 - 0x00007ff881f6f000 	C:\WINDOWS\SYSTEM32\NTASN1.dll
0x00007ff835100000 - 0x00007ff835106000 	C:\Users\DELL\_bazel_DELL\install\6dde77cbd375a611e41419bb2e6a538d\cpu_profiler.dll
0x00007ff8527a0000 - 0x00007ff8527a8000 	C:\WINDOWS\system32\wshunix.dll
0x00007ff866d90000 - 0x00007ff866dde000 	C:\WINDOWS\SYSTEM32\pdh.dll

dbghelp: loaded successfully - version: 4.0.5 - missing functions: none
symbol engine: initialized successfully - sym options: 0x614 - pdb path: .;c:\users\dell\_bazel~1\install\6dde77~1\embedd~1\jdk\bin;C:\WINDOWS\SYSTEM32;C:\WINDOWS\WinSxS\amd64_microsoft.windows.common-controls_6595b64144ccf1df_6.0.26100.4768_none_3e0c112ce331287c;c:\users\dell\_bazel~1\install\6dde77~1\embedd~1\jdk\bin\server;C:\Users\DELL\_bazel_DELL\install\6dde77cbd375a611e41419bb2e6a538d\embedded_tools\jdk\bin;C:\Users\DELL\AppData\Local\Temp\bazel-jni.6657363971632570091;C:\Users\DELL\_bazel_DELL\install\6dde77cbd375a611e41419bb2e6a538d

VM Arguments:
jvm_args: --enable-native-access=ALL-UNNAMED --add-opens=java.base/java.lang=ALL-UNNAMED -Xverify:none -Djava.util.logging.config.file=c:\\users\\dell\\_bazel_dell\\sc4hvysc\\javalog.properties -Dcom.google.devtools.build.lib.util.LogHandlerQuerier.class=com.google.devtools.build.lib.util.SimpleLogHandler$HandlerQuerier -XX:-MaxFDLimit -Djava.lang.Thread.allowVirtualThreads=true -Djava.library.path=C:\\Users\\DELL\\_bazel_DELL\\install\\6dde77cbd375a611e41419bb2e6a538d;C:\\Users\\DELL\\_bazel_DELL\\install\\6dde77cbd375a611e41419bb2e6a538d\\embedded_tools\\jdk\\bin;C:\\Users\\DELL\\_bazel_DELL\\install\\6dde77cbd375a611e41419bb2e6a538d\\embedded_tools\\jdk\\bin\\server -Dfile.encoding=ISO-8859-1 -Duser.country= -Duser.language= -Duser.variant= -Djdk.nio.file.WatchService.maxEventsPerPoll=10000 -Dsun.misc.unsafe.memory.access=allow -XX:+IgnoreUnrecognizedVMOptions -XX:+UseAllWindowsProcessorGroups -Dbazel.windows_unix_root=C:/msys64/usr/bin/bash.exe 
java_command: C:\\Users\\DELL\\_bazel_DELL\\install\\6dde77cbd375a611e41419bb2e6a538d\\A-server.jar --max_idle_secs=10800 --noshutdown_on_low_sys_mem --connect_timeout_secs=30 --output_user_root=C:\Users\DELL\_bazel_DELL --install_base=C:\Users\DELL\_bazel_DELL\install\6dde77cbd375a611e41419bb2e6a538d --install_md5=6dde77cbd375a611e41419bb2e6a538d --lock_install_base --output_base=c:\users\dell\_bazel_dell\sc4hvysc --workspace_directory=d:\bazel\external\rules_java --default_system_javabase=C:/Users/DELL/AppData/Local/Programs/Eclipse Adoptium/jdk-17.0.8.7-hotspot --failure_detail_out=C:\Users\DELL\_bazel_DELL\sc4hvysc\failure_detail.rawproto --idle_server_tasks --write_command_log --nowatchfs --nofatal_event_bus_exceptions --nowindows_enable_symlinks --client_debug=false --host_jvm_args=-Dbazel.windows_unix_root=C:/msys64/usr/bin/bash.exe --product_name=Bazel --option_sources=
java_class_path (initial): C:\\Users\\DELL\\_bazel_DELL\\install\\6dde77cbd375a611e41419bb2e6a538d\\A-server.jar
Launcher Type: SUN_STANDARD

[Global flags]
     intx CICompilerCount                          = 12                                        {product} {ergonomic}
     uint ConcGCThreads                            = 3                                         {product} {ergonomic}
     uint G1ConcRefinementThreads                  = 13                                        {product} {ergonomic}
   size_t G1HeapRegionSize                         = 2097152                                   {product} {ergonomic}
     bool IgnoreUnrecognizedVMOptions              = true                                      {product} {command line}
   size_t InitialHeapSize                          = 264241152                                 {product} {ergonomic}
   size_t MarkStackSize                            = 4194304                                   {product} {ergonomic}
   size_t MarkStackSizeMax                         = 536870912                                 {product} {ergonomic}
     bool MaxFDLimit                               = false                                     {product} {command line}
   size_t MaxHeapSize                              = 4213178368                                {product} {ergonomic}
   size_t MaxNewSize                               = 2527068160                                {product} {ergonomic}
   size_t MinHeapDeltaBytes                        = 2097152                                   {product} {ergonomic}
   size_t MinHeapSize                              = 8388608                                   {product} {ergonomic}
    uintx NonNMethodCodeHeapSize                   = 7602176                                {pd product} {ergonomic}
    uintx NonProfiledCodeHeapSize                  = 122093568                              {pd product} {ergonomic}
    uintx ProfiledCodeHeapSize                     = 121962496                              {pd product} {ergonomic}
    uintx ReservedCodeCacheSize                    = 251658240                              {pd product} {ergonomic}
     bool SegmentedCodeCache                       = true                                      {product} {ergonomic}
   size_t SoftMaxHeapSize                          = 4213178368                             {manageable} {ergonomic}
     bool UseAllWindowsProcessorGroups             = true                                      {product} {command line}
     bool UseCompressedOops                        = true                           {product lp64_product} {ergonomic}
     bool UseG1GC                                  = true                                      {product} {ergonomic}
     bool UseLargePagesIndividualAllocation        = false                                  {pd product} {ergonomic}

Logging:
Log output configuration:
 #0: stdout all=warning uptime,level,tags foldmultilines=false
 #1: stderr all=off uptime,level,tags foldmultilines=false

Environment Variables:
JAVA_HOME=C:\Users\DELL\AppData\Local\Programs\Eclipse Adoptium\jdk-17.0.8.7-hotspot\
PATH=C:\Python312\Scripts\;C:\Python312\;C:\Program Files\Common Files\Oracle\Java\javapath;C:\Program Files\Python311\Scripts\;C:\Program Files\Python311\;C:\WINDOWS\system32;C:\WINDOWS;C:\WINDOWS\System32\Wbem;C:\WINDOWS\System32\WindowsPowerShell\v1.0\;C:\WINDOWS\System32\OpenSSH\;C:\Program Files\dotnet\;C:\MinGW\bin;C:\Program Files\MongoDB\mongosh-1.10.6-win32-x64\bin;C:\Program Files\MongoDB\Server\7.0\bin;C:\Program Files\Git\cmd;C:\Program Files\Git\mingw64\bin;C:\Program Files\Git\usr\bin;C:\Program Files\nodejs\;C:\ProgramData\chocolatey\bin;C:\bazel;C:\Program Files\LLVM\bin;C:\Program Files\LLVM\;C:\Apps\bazel;C:\Program Files (x86)\Windows Kits\10\Windows Performance Toolkit\;C:\msys64\usr\bin;C:\Program Files\MySQL\MySQL Shell 8.0\bin\;C:\Users\DELL\AppData\Local\Programs\Eclipse Adoptium\jdk-17.0.8.7-hotspot\bin;C:\Users\DELL\AppData\Local\Microsoft\WindowsApps;C:\Users\DELL\AppData\Local\Programs\Microsoft VS Code\bin;C:\Program Files\JetBrains\IntelliJ IDEA Community Edition 2023.2\bin;;C:\Program Files\MongoDB\Server\7.0\bin;C:\Program Files\MySQL\MySQL Server 8.0\bin;C:\Users\DELL\AppData\Local\Microsoft\WinGet\Packages\Schniz.fnm_Microsoft.Winget.Source_8wekyb3d8bbwe;C:\Users\DELL\AppData\Roaming\npm;C:\Program Files (x86)\poppler-24.08.0\Library\bin;C:\Users\DELL\AppData\Local\Microsoft\WinGet\Packages\Bazel.Bazelisk_Microsoft.Winget.Source_8wekyb3d8bbwe;C:\Users\DELL\AppData\Local\Programs\Windsurf\bin
USERNAME=DELL
LANG=en_US.ISO-8859-1
LC_ALL=en_US.ISO-8859-1
LC_CTYPE=en_US.ISO-8859-1
OS=Windows_NT
PROCESSOR_IDENTIFIER=Intel64 Family 6 Model 154 Stepping 3, GenuineIntel
TMP=C:\Users\DELL\AppData\Local\Temp
TEMP=C:\Users\DELL\AppData\Local\Temp




Periodic native trim disabled

---------------  S Y S T E M  ---------------

OS:
 Windows 11 , 64 bit Build 26100 (10.0.26100.4768)
OS uptime: 3 days 2:23 hours
Hyper-V role detected

CPU: total 16 (initial active 16) (8 cores per cpu, 2 threads per core) family 6 model 154 stepping 3 microcode 0x435, cx8, cmov, fxsr, ht, mmx, 3dnowpref, sse, sse2, sse3, ssse3, sse4.1, sse4.2, popcnt, lzcnt, tsc, tscinvbit, avx, avx2, aes, erms, clmul, bmi1, bmi2, adx, sha, fma, vzeroupper, clflush, clflushopt, clwb, hv, serialize, rdtscp, rdpid, fsrm, gfni, f16c, cet_ibt, cet_ss
Processor Information for processor 0
  Max Mhz: 1700, Current Mhz: 1700, Mhz Limit: 1700
Processor Information for processor 1
  Max Mhz: 1700, Current Mhz: 1700, Mhz Limit: 1700
Processor Information for processor 2
  Max Mhz: 1700, Current Mhz: 1457, Mhz Limit: 1700
Processor Information for processor 3
  Max Mhz: 1700, Current Mhz: 1700, Mhz Limit: 1700
Processor Information for processor 4
  Max Mhz: 1700, Current Mhz: 1700, Mhz Limit: 1700
Processor Information for processor 5
  Max Mhz: 1700, Current Mhz: 1700, Mhz Limit: 1700
Processor Information for processor 6
  Max Mhz: 1700, Current Mhz: 1700, Mhz Limit: 1700
Processor Information for processor 7
  Max Mhz: 1700, Current Mhz: 1700, Mhz Limit: 1700
Processor Information for processor 8
  Max Mhz: 1700, Current Mhz: 1200, Mhz Limit: 1190
Processor Information for processor 9
  Max Mhz: 1700, Current Mhz: 1200, Mhz Limit: 1190
Processor Information for processor 10
  Max Mhz: 1700, Current Mhz: 1200, Mhz Limit: 1190
Processor Information for processor 11
  Max Mhz: 1700, Current Mhz: 1200, Mhz Limit: 1190
Processor Information for processor 12
  Max Mhz: 1700, Current Mhz: 1200, Mhz Limit: 1190
Processor Information for processor 13
  Max Mhz: 1700, Current Mhz: 1200, Mhz Limit: 1190
Processor Information for processor 14
  Max Mhz: 1700, Current Mhz: 1200, Mhz Limit: 1190
Processor Information for processor 15
  Max Mhz: 1700, Current Mhz: 1200, Mhz Limit: 1190

Memory: 4k page, system-wide physical 16068M (1104M free)
TotalPageFile size 22898M (AvailPageFile size 270M)
current process WorkingSet (physical memory assigned to process): 154M, peak: 154M
current process commit charge ("private bytes"): 200M, peak: 371M

vm_info: OpenJDK 64-Bit Server VM (24+36) for windows-amd64 JRE (24+36) (Zulu24.28+83-CA), built on 2025-02-26T13:03:31Z with MS VC++ 17.1 (VS2022)

END.
